Using pre-set license
Built from '2020.3/staging' branch; Version is '2020.3.8f1 (507919d4fff5) revision 5273881'; Using compiler version '192528614'; Build Type 'Release'
OS: 'Windows 10 Pro; OS build 19042.1052; Version 2009; 64bit' Language: 'en' Physical Memory: 16326 MB
BatchMode: 1, IsHumanControllingUs: 0, StartBugReporterOnCrash: 0, Is64bit: 1, IsPro: 0

 COMMAND LINE ARGUMENTS:
E:\program-files\Unity\Hub\Editor\2020.3.8f1\Editor\Unity.exe
-adb2
-batchMode
-noUpm
-name
AssetImportWorker0
-projectPath
G:/unity-projects/_repositories/moving-objects-unity-visual-scripting/Moving Objects Unity Visual Scripting
-logFile
Logs/AssetImportWorker0.log
-srvPort
64819
Successfully changed project path to: G:/unity-projects/_repositories/moving-objects-unity-visual-scripting/Moving Objects Unity Visual Scripting
G:/unity-projects/_repositories/moving-objects-unity-visual-scripting/Moving Objects Unity Visual Scripting
Using Asset Import Pipeline V2.
Refreshing native plugins compatible for Editor in 49.28 ms, found 1 plugins.
Preloading 0 native plugins for Editor in 0.00 ms.
Initialize engine version: 2020.3.8f1 (507919d4fff5)
[Subsystems] Discovering subsystems at path E:/program-files/Unity/Hub/Editor/2020.3.8f1/Editor/Data/Resources/UnitySubsystems
[Subsystems] Discovering subsystems at path G:/unity-projects/_repositories/moving-objects-unity-visual-scripting/Moving Objects Unity Visual Scripting/Assets
GfxDevice: creating device client; threaded=0
Direct3D:
    Version:  Direct3D 11.0 [level 11.1]
    Renderer: NVIDIA GeForce GTX 960 (ID=0x1401)
    Vendor:   
    VRAM:     2007 MB
    Driver:   27.21.14.6647
Shader 'Universal Render Pipeline/Particles/Lit': fallback shader 'Universal Render Pipeline/Particles/SimpleLit' not found
Initialize mono
Mono path[0] = 'E:/program-files/Unity/Hub/Editor/2020.3.8f1/Editor/Data/Managed'
Mono path[1] = 'E:/program-files/Unity/Hub/Editor/2020.3.8f1/Editor/Data/MonoBleedingEdge/lib/mono/unityjit'
Mono config path = 'E:/program-files/Unity/Hub/Editor/2020.3.8f1/Editor/Data/MonoBleedingEdge/etc'
Using monoOptions --debugger-agent=transport=dt_socket,embedding=1,server=y,suspend=n,address=127.0.0.1:56768
Begin MonoManager ReloadAssembly
Registering precompiled unity dll's ...
Register platform support module: E:/program-files/Unity/Hub/Editor/2020.3.8f1/Editor/Data/PlaybackEngines/WindowsStandaloneSupport/UnityEditor.WindowsStandalone.Extensions.dll
Registered in 0.004373 seconds.
Native extension for WindowsStandalone target not found
Refreshing native plugins compatible for Editor in 46.00 ms, found 1 plugins.
Preloading 0 native plugins for Editor in 0.00 ms.
Mono: successfully reloaded assembly
- Completed reload, in  1.123 seconds
Platform modules already initialized, skipping
Registering precompiled user dll's ...
Registered in 0.011565 seconds.
Begin MonoManager ReloadAssembly
Native extension for WindowsStandalone target not found
Refreshing native plugins compatible for Editor in 45.01 ms, found 1 plugins.
Preloading 0 native plugins for Editor in 0.00 ms.
Mono: successfully reloaded assembly
- Completed reload, in  1.003 seconds
Platform modules already initialized, skipping
========================================================================
Worker process is ready to serve import requests
Shader 'Universal Render Pipeline/Particles/Lit': fallback shader 'Universal Render Pipeline/Particles/SimpleLit' not found
Launched and connected shader compiler UnityShaderCompiler.exe after 0.04 seconds
Refreshing native plugins compatible for Editor in 0.47 ms, found 1 plugins.
Preloading 0 native plugins for Editor in 0.00 ms.
Unloading 2398 Unused Serialized files (Serialized files now loaded: 0)
System memory in use before: 114.8 MB.
System memory in use after: 114.9 MB.

Unloading 27 unused Assets to reduce memory usage. Loaded Objects now: 2909.
Total: 1.907400 ms (FindLiveObjects: 0.219600 ms CreateObjectMapping: 0.099200 ms MarkObjects: 1.515600 ms  DeleteObjects: 0.072100 ms)

========================================================================
Received Import Request.
  path: Assets/Rendering/UniversalRenderPipelineAsset.asset
  artifactKey: Guid(746ea8e6c40a85043b25821eff1512bc) Importer(815301076,1909f56bfc062723c751e8b465ee728b)
Start importing Assets/Rendering/UniversalRenderPipelineAsset.asset using Guid(746ea8e6c40a85043b25821eff1512bc) Importer(815301076,1909f56bfc062723c751e8b465ee728b)  -> (artifact id: '6992d901df7877c359dce38afad7c55a') in 0.065961 seconds
  Import took 0.069969 seconds .

========================================================================
Received Import Request.
  Time since last request: 7.745172 seconds.
  path: Assets/Rendering/UniversalRenderPipelineAsset_Renderer.asset
  artifactKey: Guid(25b03f081e8a0a44ebc4ac9ef08040b4) Importer(815301076,1909f56bfc062723c751e8b465ee728b)
Start importing Assets/Rendering/UniversalRenderPipelineAsset_Renderer.asset using Guid(25b03f081e8a0a44ebc4ac9ef08040b4) Importer(815301076,1909f56bfc062723c751e8b465ee728b)  -> (artifact id: '5e7ba1a24c710a9a7c511e411ee09fa2') in 0.021150 seconds
  Import took 0.024762 seconds .

========================================================================
Received Import Request.
  Time since last request: 10.942048 seconds.
  path: Assets/Prefabs
  artifactKey: Guid(bc11d4fdb2ff3144db102b7e09243024) Importer(815301076,1909f56bfc062723c751e8b465ee728b)
Start importing Assets/Prefabs using Guid(bc11d4fdb2ff3144db102b7e09243024) Importer(815301076,1909f56bfc062723c751e8b465ee728b)  -> (artifact id: '11e5ad67b5351efc9064d0296311012d') in 0.001597 seconds
  Import took 0.004759 seconds .

========================================================================
Received Prepare
Shader 'Universal Render Pipeline/Particles/Lit': fallback shader 'Universal Render Pipeline/Particles/SimpleLit' not found
Refreshing native plugins compatible for Editor in 4.81 ms, found 1 plugins.
Preloading 0 native plugins for Editor in 0.00 ms.
Unloading 68 Unused Serialized files (Serialized files now loaded: 0)
System memory in use before: 66.0 MB.
System memory in use after: 66.2 MB.

Unloading 20 unused Assets to reduce memory usage. Loaded Objects now: 2957.
Total: 2.311900 ms (FindLiveObjects: 0.217900 ms CreateObjectMapping: 0.112500 ms MarkObjects: 1.938900 ms  DeleteObjects: 0.042100 ms)

AssetImportWorkerClient::OnTransportError - code=2 error=End of file
