Using pre-set license
Built from '2020.3/staging' branch; Version is '2020.3.8f1 (507919d4fff5) revision 5273881'; Using compiler version '192528614'; Build Type 'Release'
OS: 'Windows 10 Pro; OS build 19042.1052; Version 2009; 64bit' Language: 'en' Physical Memory: 16326 MB
BatchMode: 1, IsHumanControllingUs: 0, StartBugReporterOnCrash: 0, Is64bit: 1, IsPro: 0

 COMMAND LINE ARGUMENTS:
E:\program-files\Unity\Hub\Editor\2020.3.8f1\Editor\Unity.exe
-adb2
-batchMode
-noUpm
-name
AssetImportWorker0
-projectPath
G:/unity-projects/_repositories/moving-objects-unity-visual-scripting/Moving Objects Unity Visual Scripting
-logFile
Logs/AssetImportWorker0.log
-srvPort
52867
Successfully changed project path to: G:/unity-projects/_repositories/moving-objects-unity-visual-scripting/Moving Objects Unity Visual Scripting
G:/unity-projects/_repositories/moving-objects-unity-visual-scripting/Moving Objects Unity Visual Scripting
Using Asset Import Pipeline V2.
Refreshing native plugins compatible for Editor in 55.44 ms, found 1 plugins.
Preloading 0 native plugins for Editor in 0.00 ms.
Initialize engine version: 2020.3.8f1 (507919d4fff5)
[Subsystems] Discovering subsystems at path E:/program-files/Unity/Hub/Editor/2020.3.8f1/Editor/Data/Resources/UnitySubsystems
[Subsystems] Discovering subsystems at path G:/unity-projects/_repositories/moving-objects-unity-visual-scripting/Moving Objects Unity Visual Scripting/Assets
GfxDevice: creating device client; threaded=0
Direct3D:
    Version:  Direct3D 11.0 [level 11.1]
    Renderer: NVIDIA GeForce GTX 960 (ID=0x1401)
    Vendor:   
    VRAM:     2007 MB
    Driver:   27.21.14.6647
Shader 'Universal Render Pipeline/Particles/Lit': fallback shader 'Universal Render Pipeline/Particles/SimpleLit' not found
Initialize mono
Mono path[0] = 'E:/program-files/Unity/Hub/Editor/2020.3.8f1/Editor/Data/Managed'
Mono path[1] = 'E:/program-files/Unity/Hub/Editor/2020.3.8f1/Editor/Data/MonoBleedingEdge/lib/mono/unityjit'
Mono config path = 'E:/program-files/Unity/Hub/Editor/2020.3.8f1/Editor/Data/MonoBleedingEdge/etc'
Using monoOptions --debugger-agent=transport=dt_socket,embedding=1,server=y,suspend=n,address=127.0.0.1:56668
Begin MonoManager ReloadAssembly
Registering precompiled unity dll's ...
Register platform support module: E:/program-files/Unity/Hub/Editor/2020.3.8f1/Editor/Data/PlaybackEngines/WindowsStandaloneSupport/UnityEditor.WindowsStandalone.Extensions.dll
Registered in 0.004334 seconds.
Native extension for WindowsStandalone target not found
Refreshing native plugins compatible for Editor in 48.18 ms, found 1 plugins.
Preloading 0 native plugins for Editor in 0.00 ms.
Mono: successfully reloaded assembly
- Completed reload, in  1.151 seconds
Platform modules already initialized, skipping
Registering precompiled user dll's ...
Registered in 0.012909 seconds.
Begin MonoManager ReloadAssembly
Native extension for WindowsStandalone target not found
Refreshing native plugins compatible for Editor in 47.82 ms, found 1 plugins.
Preloading 0 native plugins for Editor in 0.00 ms.
Mono: successfully reloaded assembly
- Completed reload, in  1.083 seconds
Platform modules already initialized, skipping
========================================================================
Worker process is ready to serve import requests
Shader 'Universal Render Pipeline/Particles/Lit': fallback shader 'Universal Render Pipeline/Particles/SimpleLit' not found
Launched and connected shader compiler UnityShaderCompiler.exe after 0.04 seconds
Refreshing native plugins compatible for Editor in 0.61 ms, found 1 plugins.
Preloading 0 native plugins for Editor in 0.00 ms.
Unloading 2446 Unused Serialized files (Serialized files now loaded: 0)
System memory in use before: 119.7 MB.
System memory in use after: 119.8 MB.

Unloading 27 unused Assets to reduce memory usage. Loaded Objects now: 2957.
Total: 2.026000 ms (FindLiveObjects: 0.309700 ms CreateObjectMapping: 0.134600 ms MarkObjects: 1.498300 ms  DeleteObjects: 0.082500 ms)

========================================================================
Received Import Request.
  path: Assets/Rendering/UniversalRenderPipelineAsset.asset
  artifactKey: Guid(746ea8e6c40a85043b25821eff1512bc) Importer(815301076,1909f56bfc062723c751e8b465ee728b)
Start importing Assets/Rendering/UniversalRenderPipelineAsset.asset using Guid(746ea8e6c40a85043b25821eff1512bc) Importer(815301076,1909f56bfc062723c751e8b465ee728b)  -> (artifact id: '50b3a32697cb204bf8eb9d9911c82811') in 0.037109 seconds
  Import took 0.040406 seconds .

========================================================================
Received Import Request.
  Time since last request: 0.001932 seconds.
  path: Assets/Rendering/UniversalRenderPipelineAsset.asset
  artifactKey: Guid(746ea8e6c40a85043b25821eff1512bc) Importer(815301076,1909f56bfc062723c751e8b465ee728b)
Start importing Assets/Rendering/UniversalRenderPipelineAsset.asset using Guid(746ea8e6c40a85043b25821eff1512bc) Importer(815301076,1909f56bfc062723c751e8b465ee728b)  -> (artifact id: '50b3a32697cb204bf8eb9d9911c82811') in 0.002120 seconds
  Import took 0.005344 seconds .

========================================================================
Received Prepare
Shader 'Universal Render Pipeline/Particles/Lit': fallback shader 'Universal Render Pipeline/Particles/SimpleLit' not found
Refreshing native plugins compatible for Editor in 4.80 ms, found 1 plugins.
Preloading 0 native plugins for Editor in 0.00 ms.
Unloading 21 Unused Serialized files (Serialized files now loaded: 0)
System memory in use before: 64.9 MB.
System memory in use after: 65.1 MB.

Unloading 20 unused Assets to reduce memory usage. Loaded Objects now: 2958.
Total: 2.418600 ms (FindLiveObjects: 0.209300 ms CreateObjectMapping: 0.102500 ms MarkObjects: 2.053800 ms  DeleteObjects: 0.052000 ms)

========================================================================
Received Prepare
Registering precompiled user dll's ...
Registered in 0.011436 seconds.
Begin MonoManager ReloadAssembly
Native extension for WindowsStandalone target not found
Refreshing native plugins compatible for Editor in 0.51 ms, found 1 plugins.
Preloading 0 native plugins for Editor in 0.00 ms.
Mono: successfully reloaded assembly
- Completed reload, in  0.906 seconds
Platform modules already initialized, skipping
Shader 'Universal Render Pipeline/Particles/Lit': fallback shader 'Universal Render Pipeline/Particles/SimpleLit' not found
Refreshing native plugins compatible for Editor in 0.50 ms, found 1 plugins.
Preloading 0 native plugins for Editor in 0.00 ms.
Unloading 2325 Unused Serialized files (Serialized files now loaded: 0)
System memory in use before: 111.6 MB.
System memory in use after: 111.7 MB.

Unloading 22 unused Assets to reduce memory usage. Loaded Objects now: 2961.
Total: 1.870800 ms (FindLiveObjects: 0.216000 ms CreateObjectMapping: 0.099000 ms MarkObjects: 1.502500 ms  DeleteObjects: 0.052600 ms)

========================================================================
Received Prepare
Registering precompiled user dll's ...
Registered in 0.010204 seconds.
Begin MonoManager ReloadAssembly
Native extension for WindowsStandalone target not found
Refreshing native plugins compatible for Editor in 0.53 ms, found 1 plugins.
Preloading 0 native plugins for Editor in 0.00 ms.
Mono: successfully reloaded assembly
- Completed reload, in  0.920 seconds
Platform modules already initialized, skipping
Shader 'Universal Render Pipeline/Particles/Lit': fallback shader 'Universal Render Pipeline/Particles/SimpleLit' not found
Refreshing native plugins compatible for Editor in 0.50 ms, found 1 plugins.
Preloading 0 native plugins for Editor in 0.00 ms.
Unloading 2325 Unused Serialized files (Serialized files now loaded: 0)
System memory in use before: 111.6 MB.
System memory in use after: 111.8 MB.

Unloading 22 unused Assets to reduce memory usage. Loaded Objects now: 2964.
Total: 2.220100 ms (FindLiveObjects: 0.223500 ms CreateObjectMapping: 0.106000 ms MarkObjects: 1.829400 ms  DeleteObjects: 0.060200 ms)

========================================================================
Received Prepare
Registering precompiled user dll's ...
Registered in 0.010483 seconds.
Begin MonoManager ReloadAssembly
Native extension for WindowsStandalone target not found
Refreshing native plugins compatible for Editor in 0.50 ms, found 1 plugins.
Preloading 0 native plugins for Editor in 0.00 ms.
Mono: successfully reloaded assembly
- Completed reload, in  0.900 seconds
Platform modules already initialized, skipping
Shader 'Universal Render Pipeline/Particles/Lit': fallback shader 'Universal Render Pipeline/Particles/SimpleLit' not found
Refreshing native plugins compatible for Editor in 0.68 ms, found 1 plugins.
Preloading 0 native plugins for Editor in 0.00 ms.
Unloading 2325 Unused Serialized files (Serialized files now loaded: 0)
System memory in use before: 111.6 MB.
System memory in use after: 111.8 MB.

Unloading 22 unused Assets to reduce memory usage. Loaded Objects now: 2967.
Total: 2.234900 ms (FindLiveObjects: 0.221500 ms CreateObjectMapping: 0.106900 ms MarkObjects: 1.846900 ms  DeleteObjects: 0.058600 ms)

========================================================================
Received Prepare
Registering precompiled user dll's ...
Registered in 0.011256 seconds.
Begin MonoManager ReloadAssembly
Native extension for WindowsStandalone target not found
Refreshing native plugins compatible for Editor in 0.51 ms, found 1 plugins.
Preloading 0 native plugins for Editor in 0.00 ms.
Mono: successfully reloaded assembly
- Completed reload, in  0.903 seconds
Platform modules already initialized, skipping
Shader 'Universal Render Pipeline/Particles/Lit': fallback shader 'Universal Render Pipeline/Particles/SimpleLit' not found
Refreshing native plugins compatible for Editor in 0.56 ms, found 1 plugins.
Preloading 0 native plugins for Editor in 0.00 ms.
Unloading 2325 Unused Serialized files (Serialized files now loaded: 0)
System memory in use before: 111.6 MB.
System memory in use after: 111.8 MB.

Unloading 22 unused Assets to reduce memory usage. Loaded Objects now: 2970.
Total: 2.062200 ms (FindLiveObjects: 0.214300 ms CreateObjectMapping: 0.091800 ms MarkObjects: 1.707200 ms  DeleteObjects: 0.048100 ms)

========================================================================
Received Import Request.
  Time since last request: 137.779197 seconds.
  path: Assets/Rendering/UniversalRenderPipelineAsset.asset
  artifactKey: Guid(746ea8e6c40a85043b25821eff1512bc) Importer(815301076,1909f56bfc062723c751e8b465ee728b)
Start importing Assets/Rendering/UniversalRenderPipelineAsset.asset using Guid(746ea8e6c40a85043b25821eff1512bc) Importer(815301076,1909f56bfc062723c751e8b465ee728b)  -> (artifact id: '719db1bbaa0202ea9ea2d0e66893fbbe') in 0.044762 seconds
  Import took 0.048159 seconds .

========================================================================
Received Import Request.
  Time since last request: 16.997826 seconds.
  path: Assets/Scenes/MovingObjects/Global Volume Profile.asset
  artifactKey: Guid(275e552a6ab99bb489014eaec03d5665) Importer(815301076,1909f56bfc062723c751e8b465ee728b)
Start importing Assets/Scenes/MovingObjects/Global Volume Profile.asset using Guid(275e552a6ab99bb489014eaec03d5665) Importer(815301076,1909f56bfc062723c751e8b465ee728b)  -> (artifact id: '6dd46aa72e56ac386e05037ef66f5573') in 0.011118 seconds
  Import took 0.014379 seconds .

========================================================================
Received Import Request.
  Time since last request: 4.116218 seconds.
  path: Assets/Scenes/SampleScene.unity
  artifactKey: Guid(9fc0d4010bbf28b4594072e72b8655ab) Importer(815301076,1909f56bfc062723c751e8b465ee728b)
Start importing Assets/Scenes/SampleScene.unity using Guid(9fc0d4010bbf28b4594072e72b8655ab) Importer(815301076,1909f56bfc062723c751e8b465ee728b)  -> (artifact id: '99e8efd4d47878a6b427b6008b4a63b1') in 0.002273 seconds
  Import took 0.005551 seconds .

========================================================================
Received Import Request.
  Time since last request: 0.003135 seconds.
  path: Assets/Scenes/SampleScene.unity
  artifactKey: Guid(9fc0d4010bbf28b4594072e72b8655ab) Importer(815301076,1909f56bfc062723c751e8b465ee728b)
Start importing Assets/Scenes/SampleScene.unity using Guid(9fc0d4010bbf28b4594072e72b8655ab) Importer(815301076,1909f56bfc062723c751e8b465ee728b)  -> (artifact id: '99e8efd4d47878a6b427b6008b4a63b1') in 0.001777 seconds
  Import took 0.004948 seconds .

========================================================================
Received Import Request.
  Time since last request: 12.939072 seconds.
  path: Assets/Scenes/MovingObjects.unity
  artifactKey: Guid(4f810b7a07a502a49a99c1c545596e7b) Importer(815301076,1909f56bfc062723c751e8b465ee728b)
Start importing Assets/Scenes/MovingObjects.unity using Guid(4f810b7a07a502a49a99c1c545596e7b) Importer(815301076,1909f56bfc062723c751e8b465ee728b)  -> (artifact id: '8c3205289b5ead0990aef4029d1f1039') in 0.001955 seconds
  Import took 0.005213 seconds .

========================================================================
Received Import Request.
  Time since last request: 0.424786 seconds.
  path: Assets/Scenes/SampleScene.unity
  artifactKey: Guid(9fc0d4010bbf28b4594072e72b8655ab) Importer(815301076,1909f56bfc062723c751e8b465ee728b)
Start importing Assets/Scenes/SampleScene.unity using Guid(9fc0d4010bbf28b4594072e72b8655ab) Importer(815301076,1909f56bfc062723c751e8b465ee728b)  -> (artifact id: '5fcac64226945b868eedb74fe627be6b') in 0.001769 seconds
  Import took 0.004897 seconds .

